{"/mnt/c/Sphin/Conv Course/express-next-exercise/playlist.js": {"path":"/mnt/c/Sphin/Conv Course/express-next-exercise/playlist.js","statementMap":{"0":{"start":{"line":1,"column":16},"end":{"line":1,"column":34}},"1":{"start":{"line":2,"column":20},"end":{"line":2,"column":44}},"2":{"start":{"line":3,"column":20},"end":{"line":3,"column":44}},"3":{"start":{"line":4,"column":0},"end":{"line":4,"column":27}},"4":{"start":{"line":6,"column":12},"end":{"line":6,"column":21}},"5":{"start":{"line":8,"column":0},"end":{"line":8,"column":28}},"6":{"start":{"line":11,"column":0},"end":{"line":14,"column":3}},"7":{"start":{"line":12,"column":2},"end":{"line":12,"column":41}},"8":{"start":{"line":13,"column":2},"end":{"line":13,"column":47}},"9":{"start":{"line":16,"column":0},"end":{"line":16,"column":21}}},"fnMap":{"0":{"name":"(anonymous_0)","decl":{"start":{"line":11,"column":8},"end":{"line":11,"column":9}},"loc":{"start":{"line":11,"column":33},"end":{"line":14,"column":1}},"line":11}},"branchMap":{"0":{"loc":{"start":{"line":12,"column":19},"end":{"line":12,"column":40}},"type":"binary-expr","locations":[{"start":{"line":12,"column":19},"end":{"line":12,"column":33}},{"start":{"line":12,"column":37},"end":{"line":12,"column":40}}],"line":12}},"s":{"0":2,"1":2,"2":2,"3":2,"4":2,"5":2,"6":2,"7":11,"8":11,"9":2},"f":{"0":11},"b":{"0":[11,0]},"_coverageSchema":"1a1c01bbd47fc00a2c39e90264f33305004495a9","hash":"48449e00dd6151adf00a921f1b779b286f3abc86"}
,"/mnt/c/Sphin/Conv Course/express-next-exercise/playlist_v1.js": {"path":"/mnt/c/Sphin/Conv Course/express-next-exercise/playlist_v1.js","statementMap":{"0":{"start":{"line":1,"column":16},"end":{"line":1,"column":34}},"1":{"start":{"line":2,"column":12},"end":{"line":2,"column":28}},"2":{"start":{"line":5,"column":20},"end":{"line":5,"column":51}},"3":{"start":{"line":6,"column":21},"end":{"line":6,"column":53}},"4":{"start":{"line":8,"column":0},"end":{"line":8,"column":31}},"5":{"start":{"line":9,"column":0},"end":{"line":9,"column":33}},"6":{"start":{"line":11,"column":0},"end":{"line":13,"column":3}},"7":{"start":{"line":12,"column":2},"end":{"line":12,"column":40}},"8":{"start":{"line":15,"column":0},"end":{"line":15,"column":21}}},"fnMap":{"0":{"name":"(anonymous_0)","decl":{"start":{"line":11,"column":13},"end":{"line":11,"column":14}},"loc":{"start":{"line":11,"column":27},"end":{"line":13,"column":1}},"line":11}},"branchMap":{},"s":{"0":2,"1":2,"2":2,"3":2,"4":2,"5":2,"6":2,"7":0,"8":2},"f":{"0":0},"b":{},"_coverageSchema":"1a1c01bbd47fc00a2c39e90264f33305004495a9","hash":"0ccbadbf28eda95313621732fb53cbbdc60790a6"}
,"/mnt/c/Sphin/Conv Course/express-next-exercise/playlist_v2.js": {"path":"/mnt/c/Sphin/Conv Course/express-next-exercise/playlist_v2.js","statementMap":{"0":{"start":{"line":1,"column":16},"end":{"line":1,"column":34}},"1":{"start":{"line":2,"column":12},"end":{"line":2,"column":28}},"2":{"start":{"line":3,"column":13},"end":{"line":3,"column":17}},"3":{"start":{"line":5,"column":20},"end":{"line":5,"column":51}},"4":{"start":{"line":6,"column":21},"end":{"line":6,"column":53}},"5":{"start":{"line":8,"column":0},"end":{"line":8,"column":31}},"6":{"start":{"line":9,"column":0},"end":{"line":9,"column":33}},"7":{"start":{"line":11,"column":0},"end":{"line":13,"column":3}},"8":{"start":{"line":12,"column":2},"end":{"line":12,"column":40}},"9":{"start":{"line":15,"column":0},"end":{"line":15,"column":21}}},"fnMap":{"0":{"name":"(anonymous_0)","decl":{"start":{"line":11,"column":13},"end":{"line":11,"column":14}},"loc":{"start":{"line":11,"column":27},"end":{"line":13,"column":1}},"line":11}},"branchMap":{},"s":{"0":2,"1":2,"2":2,"3":2,"4":2,"5":2,"6":2,"7":2,"8":0,"9":2},"f":{"0":0},"b":{},"_coverageSchema":"1a1c01bbd47fc00a2c39e90264f33305004495a9","hash":"67e0204ed972ae0dcee22a55cf0df1155661da35"}
,"/mnt/c/Sphin/Conv Course/express-next-exercise/controllers/song.controller.js": {"path":"/mnt/c/Sphin/Conv Course/express-next-exercise/controllers/song.controller.js","statementMap":{"0":{"start":{"line":1,"column":12},"end":{"line":1,"column":32}},"1":{"start":{"line":2,"column":13},"end":{"line":2,"column":44}},"2":{"start":{"line":3,"column":12},"end":{"line":3,"column":39}},"3":{"start":{"line":6,"column":17},"end":{"line":11,"column":4}},"4":{"start":{"line":12,"column":2},"end":{"line":12,"column":31}},"5":{"start":{"line":15,"column":19},"end":{"line":38,"column":1}},"6":{"start":{"line":16,"column":2},"end":{"line":37,"column":3}},"7":{"start":{"line":17,"column":23},"end":{"line":17,"column":45}},"8":{"start":{"line":18,"column":4},"end":{"line":34,"column":5}},"9":{"start":{"line":19,"column":20},"end":{"line":19,"column":66}},"10":{"start":{"line":21,"column":6},"end":{"line":21,"column":29}},"11":{"start":{"line":22,"column":6},"end":{"line":22,"column":18}},"12":{"start":{"line":24,"column":6},"end":{"line":24,"column":55}},"13":{"start":{"line":25,"column":20},"end":{"line":25,"column":22}},"14":{"start":{"line":26,"column":6},"end":{"line":26,"column":35}},"15":{"start":{"line":27,"column":6},"end":{"line":27,"column":39}},"16":{"start":{"line":28,"column":6},"end":{"line":28,"column":55}},"17":{"start":{"line":29,"column":6},"end":{"line":29,"column":51}},"18":{"start":{"line":30,"column":6},"end":{"line":30,"column":45}},"19":{"start":{"line":31,"column":22},"end":{"line":31,"column":39}},"20":{"start":{"line":32,"column":6},"end":{"line":32,"column":27}},"21":{"start":{"line":33,"column":6},"end":{"line":33,"column":36}},"22":{"start":{"line":36,"column":4},"end":{"line":36,"column":14}},"23":{"start":{"line":40,"column":21},"end":{"line":53,"column":1}},"24":{"start":{"line":41,"column":2},"end":{"line":52,"column":3}},"25":{"start":{"line":42,"column":4},"end":{"line":42,"column":40}},"26":{"start":{"line":43,"column":18},"end":{"line":43,"column":50}},"27":{"start":{"line":44,"column":4},"end":{"line":49,"column":5}},"28":{"start":{"line":44,"column":26},"end":{"line":44,"column":54}},"29":{"start":{"line":46,"column":20},"end":{"line":46,"column":51}},"30":{"start":{"line":47,"column":6},"end":{"line":47,"column":29}},"31":{"start":{"line":48,"column":6},"end":{"line":48,"column":18}},"32":{"start":{"line":51,"column":4},"end":{"line":51,"column":14}},"33":{"start":{"line":55,"column":20},"end":{"line":70,"column":1}},"34":{"start":{"line":56,"column":2},"end":{"line":69,"column":3}},"35":{"start":{"line":57,"column":20},"end":{"line":57,"column":31}},"36":{"start":{"line":58,"column":19},"end":{"line":58,"column":21}},"37":{"start":{"line":59,"column":4},"end":{"line":59,"column":37}},"38":{"start":{"line":60,"column":4},"end":{"line":60,"column":58}},"39":{"start":{"line":61,"column":17},"end":{"line":61,"column":58}},"40":{"start":{"line":62,"column":4},"end":{"line":66,"column":38}},"41":{"start":{"line":63,"column":20},"end":{"line":63,"column":50}},"42":{"start":{"line":64,"column":6},"end":{"line":64,"column":29}},"43":{"start":{"line":65,"column":6},"end":{"line":65,"column":18}},"44":{"start":{"line":66,"column":11},"end":{"line":66,"column":38}},"45":{"start":{"line":68,"column":4},"end":{"line":68,"column":14}},"46":{"start":{"line":72,"column":29},"end":{"line":87,"column":1}},"47":{"start":{"line":73,"column":2},"end":{"line":86,"column":3}},"48":{"start":{"line":74,"column":20},"end":{"line":74,"column":31}},"49":{"start":{"line":75,"column":19},"end":{"line":75,"column":21}},"50":{"start":{"line":76,"column":4},"end":{"line":76,"column":37}},"51":{"start":{"line":77,"column":4},"end":{"line":77,"column":68}},"52":{"start":{"line":78,"column":17},"end":{"line":78,"column":78}},"53":{"start":{"line":79,"column":4},"end":{"line":83,"column":38}},"54":{"start":{"line":80,"column":20},"end":{"line":80,"column":50}},"55":{"start":{"line":81,"column":6},"end":{"line":81,"column":29}},"56":{"start":{"line":82,"column":6},"end":{"line":82,"column":18}},"57":{"start":{"line":83,"column":11},"end":{"line":83,"column":38}},"58":{"start":{"line":85,"column":4},"end":{"line":85,"column":14}},"59":{"start":{"line":89,"column":19},"end":{"line":104,"column":1}},"60":{"start":{"line":90,"column":2},"end":{"line":103,"column":3}},"61":{"start":{"line":91,"column":20},"end":{"line":91,"column":31}},"62":{"start":{"line":92,"column":19},"end":{"line":92,"column":21}},"63":{"start":{"line":93,"column":4},"end":{"line":93,"column":37}},"64":{"start":{"line":94,"column":4},"end":{"line":94,"column":58}},"65":{"start":{"line":95,"column":17},"end":{"line":95,"column":54}},"66":{"start":{"line":96,"column":4},"end":{"line":100,"column":38}},"67":{"start":{"line":97,"column":20},"end":{"line":97,"column":50}},"68":{"start":{"line":98,"column":6},"end":{"line":98,"column":29}},"69":{"start":{"line":99,"column":6},"end":{"line":99,"column":18}},"70":{"start":{"line":100,"column":11},"end":{"line":100,"column":38}},"71":{"start":{"line":102,"column":4},"end":{"line":102,"column":14}},"72":{"start":{"line":106,"column":0},"end":{"line":112,"column":2}}},"fnMap":{"0":{"name":"validateSong","decl":{"start":{"line":5,"column":9},"end":{"line":5,"column":21}},"loc":{"start":{"line":5,"column":28},"end":{"line":13,"column":1}},"line":5},"1":{"name":"(anonymous_1)","decl":{"start":{"line":15,"column":19},"end":{"line":15,"column":20}},"loc":{"start":{"line":15,"column":45},"end":{"line":38,"column":1}},"line":15},"2":{"name":"(anonymous_2)","decl":{"start":{"line":40,"column":21},"end":{"line":40,"column":22}},"loc":{"start":{"line":40,"column":47},"end":{"line":53,"column":1}},"line":40},"3":{"name":"(anonymous_3)","decl":{"start":{"line":55,"column":20},"end":{"line":55,"column":21}},"loc":{"start":{"line":55,"column":46},"end":{"line":70,"column":1}},"line":55},"4":{"name":"(anonymous_4)","decl":{"start":{"line":72,"column":29},"end":{"line":72,"column":30}},"loc":{"start":{"line":72,"column":55},"end":{"line":87,"column":1}},"line":72},"5":{"name":"(anonymous_5)","decl":{"start":{"line":89,"column":19},"end":{"line":89,"column":20}},"loc":{"start":{"line":89,"column":45},"end":{"line":104,"column":1}},"line":89}},"branchMap":{"0":{"loc":{"start":{"line":18,"column":4},"end":{"line":34,"column":5}},"type":"if","locations":[{"start":{"line":18,"column":4},"end":{"line":34,"column":5}},{"start":{"line":18,"column":4},"end":{"line":34,"column":5}}],"line":18},"1":{"loc":{"start":{"line":44,"column":4},"end":{"line":49,"column":5}},"type":"if","locations":[{"start":{"line":44,"column":4},"end":{"line":49,"column":5}},{"start":{"line":44,"column":4},"end":{"line":49,"column":5}}],"line":44},"2":{"loc":{"start":{"line":62,"column":4},"end":{"line":66,"column":38}},"type":"if","locations":[{"start":{"line":62,"column":4},"end":{"line":66,"column":38}},{"start":{"line":62,"column":4},"end":{"line":66,"column":38}}],"line":62},"3":{"loc":{"start":{"line":79,"column":4},"end":{"line":83,"column":38}},"type":"if","locations":[{"start":{"line":79,"column":4},"end":{"line":83,"column":38}},{"start":{"line":79,"column":4},"end":{"line":83,"column":38}}],"line":79},"4":{"loc":{"start":{"line":96,"column":4},"end":{"line":100,"column":38}},"type":"if","locations":[{"start":{"line":96,"column":4},"end":{"line":100,"column":38}},{"start":{"line":96,"column":4},"end":{"line":100,"column":38}}],"line":96}},"s":{"0":2,"1":2,"2":2,"3":4,"4":4,"5":2,"6":4,"7":4,"8":4,"9":2,"10":2,"11":2,"12":2,"13":2,"14":2,"15":2,"16":2,"17":2,"18":2,"19":2,"20":2,"21":2,"22":0,"23":2,"24":3,"25":3,"26":3,"27":3,"28":2,"29":1,"30":1,"31":1,"32":0,"33":2,"34":2,"35":2,"36":2,"37":2,"38":2,"39":2,"40":2,"41":1,"42":1,"43":1,"44":1,"45":0,"46":2,"47":2,"48":2,"49":2,"50":2,"51":2,"52":2,"53":2,"54":1,"55":1,"56":1,"57":1,"58":0,"59":2,"60":2,"61":2,"62":2,"63":2,"64":2,"65":2,"66":2,"67":1,"68":1,"69":1,"70":1,"71":0,"72":2},"f":{"0":4,"1":4,"2":3,"3":2,"4":2,"5":2},"b":{"0":[2,2],"1":[2,1],"2":[1,1],"3":[1,1],"4":[1,1]},"_coverageSchema":"1a1c01bbd47fc00a2c39e90264f33305004495a9","hash":"320c63ec8c9d9a83c0fd0eac4738178c8e1feb48"}
,"/mnt/c/Sphin/Conv Course/express-next-exercise/controllers/uid.controller.js": {"path":"/mnt/c/Sphin/Conv Course/express-next-exercise/controllers/uid.controller.js","statementMap":{"0":{"start":{"line":1,"column":12},"end":{"line":1,"column":42}},"1":{"start":{"line":3,"column":18},"end":{"line":26,"column":1}},"2":{"start":{"line":4,"column":2},"end":{"line":25,"column":3}},"3":{"start":{"line":5,"column":4},"end":{"line":5,"column":68}},"4":{"start":{"line":6,"column":21},"end":{"line":6,"column":72}},"5":{"start":{"line":7,"column":17},"end":{"line":7,"column":19}},"6":{"start":{"line":8,"column":4},"end":{"line":20,"column":5}},"7":{"start":{"line":9,"column":6},"end":{"line":9,"column":71}},"8":{"start":{"line":10,"column":6},"end":{"line":12,"column":8}},"9":{"start":{"line":13,"column":6},"end":{"line":13,"column":26}},"10":{"start":{"line":15,"column":6},"end":{"line":19,"column":8}},"11":{"start":{"line":21,"column":4},"end":{"line":21,"column":34}},"12":{"start":{"line":22,"column":4},"end":{"line":22,"column":28}},"13":{"start":{"line":24,"column":4},"end":{"line":24,"column":25}},"14":{"start":{"line":28,"column":0},"end":{"line":30,"column":2}}},"fnMap":{"0":{"name":"(anonymous_0)","decl":{"start":{"line":3,"column":18},"end":{"line":3,"column":19}},"loc":{"start":{"line":3,"column":45},"end":{"line":26,"column":1}},"line":3}},"branchMap":{"0":{"loc":{"start":{"line":8,"column":4},"end":{"line":20,"column":5}},"type":"if","locations":[{"start":{"line":8,"column":4},"end":{"line":20,"column":5}},{"start":{"line":8,"column":4},"end":{"line":20,"column":5}}],"line":8}},"s":{"0":2,"1":2,"2":2,"3":2,"4":2,"5":2,"6":2,"7":1,"8":1,"9":1,"10":1,"11":2,"12":2,"13":0,"14":2},"f":{"0":2},"b":{"0":[1,1]},"_coverageSchema":"1a1c01bbd47fc00a2c39e90264f33305004495a9","hash":"1e36f014eca8c684bfc4119a5cf04c7865142e33"}
,"/mnt/c/Sphin/Conv Course/express-next-exercise/models/song.model.js": {"path":"/mnt/c/Sphin/Conv Course/express-next-exercise/models/song.model.js","statementMap":{"0":{"start":{"line":1,"column":17},"end":{"line":1,"column":36}},"1":{"start":{"line":2,"column":15},"end":{"line":2,"column":30}},"2":{"start":{"line":4,"column":19},"end":{"line":30,"column":2}},"3":{"start":{"line":32,"column":13},"end":{"line":32,"column":47}},"4":{"start":{"line":33,"column":0},"end":{"line":33,"column":22}}},"fnMap":{},"branchMap":{},"s":{"0":2,"1":2,"2":2,"3":2,"4":2},"f":{},"b":{},"_coverageSchema":"1a1c01bbd47fc00a2c39e90264f33305004495a9","hash":"356cb653892209a29e2edda5a5ad3a2264120822"}
,"/mnt/c/Sphin/Conv Course/express-next-exercise/models/uid.model.js": {"path":"/mnt/c/Sphin/Conv Course/express-next-exercise/models/uid.model.js","statementMap":{"0":{"start":{"line":1,"column":17},"end":{"line":1,"column":36}},"1":{"start":{"line":2,"column":15},"end":{"line":2,"column":30}},"2":{"start":{"line":3,"column":18},"end":{"line":6,"column":2}},"3":{"start":{"line":8,"column":12},"end":{"line":8,"column":44}},"4":{"start":{"line":9,"column":0},"end":{"line":9,"column":21}}},"fnMap":{},"branchMap":{},"s":{"0":2,"1":2,"2":2,"3":2,"4":2},"f":{},"b":{},"_coverageSchema":"1a1c01bbd47fc00a2c39e90264f33305004495a9","hash":"5626e9272480f94436a0345d77af7f5344e0fbcc"}
,"/mnt/c/Sphin/Conv Course/express-next-exercise/routes/movies.route.js": {"path":"/mnt/c/Sphin/Conv Course/express-next-exercise/routes/movies.route.js","statementMap":{"0":{"start":{"line":1,"column":16},"end":{"line":1,"column":34}},"1":{"start":{"line":2,"column":12},"end":{"line":2,"column":32}},"2":{"start":{"line":3,"column":15},"end":{"line":3,"column":31}},"3":{"start":{"line":4,"column":29},"end":{"line":4,"column":65}},"4":{"start":{"line":6,"column":0},"end":{"line":6,"column":47}},"5":{"start":{"line":6,"column":21},"end":{"line":6,"column":45}},"6":{"start":{"line":7,"column":0},"end":{"line":7,"column":27}},"7":{"start":{"line":9,"column":18},"end":{"line":9,"column":20}},"8":{"start":{"line":10,"column":18},"end":{"line":14,"column":1}},"9":{"start":{"line":11,"column":2},"end":{"line":13,"column":16}},"10":{"start":{"line":12,"column":4},"end":{"line":12,"column":55}},"11":{"start":{"line":13,"column":9},"end":{"line":13,"column":16}},"12":{"start":{"line":16,"column":24},"end":{"line":20,"column":1}},"13":{"start":{"line":17,"column":2},"end":{"line":19,"column":11}},"14":{"start":{"line":18,"column":4},"end":{"line":18,"column":60}},"15":{"start":{"line":22,"column":16},"end":{"line":25,"column":1}},"16":{"start":{"line":23,"column":16},"end":{"line":23,"column":40}},"17":{"start":{"line":24,"column":2},"end":{"line":24,"column":28}},"18":{"start":{"line":27,"column":0},"end":{"line":35,"column":3}},"19":{"start":{"line":28,"column":18},"end":{"line":28,"column":30}},"20":{"start":{"line":29,"column":17},"end":{"line":29,"column":19}},"21":{"start":{"line":30,"column":2},"end":{"line":30,"column":24}},"22":{"start":{"line":31,"column":2},"end":{"line":31,"column":32}},"23":{"start":{"line":32,"column":2},"end":{"line":32,"column":40}},"24":{"start":{"line":33,"column":2},"end":{"line":33,"column":26}},"25":{"start":{"line":34,"column":2},"end":{"line":34,"column":9}},"26":{"start":{"line":38,"column":17},"end":{"line":42,"column":4}},"27":{"start":{"line":43,"column":2},"end":{"line":43,"column":32}},"28":{"start":{"line":46,"column":0},"end":{"line":62,"column":3}},"29":{"start":{"line":47,"column":21},"end":{"line":47,"column":44}},"30":{"start":{"line":48,"column":2},"end":{"line":61,"column":3}},"31":{"start":{"line":49,"column":18},"end":{"line":49,"column":64}},"32":{"start":{"line":51,"column":4},"end":{"line":51,"column":27}},"33":{"start":{"line":52,"column":4},"end":{"line":52,"column":16}},"34":{"start":{"line":54,"column":16},"end":{"line":54,"column":18}},"35":{"start":{"line":55,"column":4},"end":{"line":56,"column":59}},"36":{"start":{"line":55,"column":32},"end":{"line":55,"column":45}},"37":{"start":{"line":56,"column":9},"end":{"line":56,"column":59}},"38":{"start":{"line":57,"column":4},"end":{"line":57,"column":31}},"39":{"start":{"line":58,"column":4},"end":{"line":58,"column":39}},"40":{"start":{"line":59,"column":4},"end":{"line":59,"column":26}},"41":{"start":{"line":60,"column":4},"end":{"line":60,"column":32}},"42":{"start":{"line":64,"column":0},"end":{"line":67,"column":3}},"43":{"start":{"line":65,"column":2},"end":{"line":66,"column":32}},"44":{"start":{"line":65,"column":28},"end":{"line":65,"column":60}},"45":{"start":{"line":66,"column":7},"end":{"line":66,"column":32}},"46":{"start":{"line":69,"column":0},"end":{"line":83,"column":3}},"47":{"start":{"line":70,"column":19},"end":{"line":70,"column":31}},"48":{"start":{"line":71,"column":14},"end":{"line":71,"column":19}},"49":{"start":{"line":72,"column":2},"end":{"line":77,"column":5}},"50":{"start":{"line":73,"column":4},"end":{"line":76,"column":5}},"51":{"start":{"line":74,"column":6},"end":{"line":74,"column":34}},"52":{"start":{"line":75,"column":6},"end":{"line":75,"column":19}},"53":{"start":{"line":78,"column":2},"end":{"line":82,"column":3}},"54":{"start":{"line":79,"column":18},"end":{"line":79,"column":49}},"55":{"start":{"line":80,"column":4},"end":{"line":80,"column":27}},"56":{"start":{"line":81,"column":4},"end":{"line":81,"column":16}},"57":{"start":{"line":85,"column":0},"end":{"line":100,"column":3}},"58":{"start":{"line":86,"column":19},"end":{"line":86,"column":31}},"59":{"start":{"line":87,"column":14},"end":{"line":87,"column":19}},"60":{"start":{"line":88,"column":2},"end":{"line":94,"column":5}},"61":{"start":{"line":89,"column":4},"end":{"line":93,"column":5}},"62":{"start":{"line":90,"column":6},"end":{"line":90,"column":43}},"63":{"start":{"line":91,"column":6},"end":{"line":91,"column":37}},"64":{"start":{"line":92,"column":6},"end":{"line":92,"column":19}},"65":{"start":{"line":95,"column":2},"end":{"line":99,"column":3}},"66":{"start":{"line":96,"column":18},"end":{"line":96,"column":49}},"67":{"start":{"line":97,"column":4},"end":{"line":97,"column":27}},"68":{"start":{"line":98,"column":4},"end":{"line":98,"column":16}},"69":{"start":{"line":102,"column":0},"end":{"line":117,"column":3}},"70":{"start":{"line":103,"column":19},"end":{"line":103,"column":31}},"71":{"start":{"line":104,"column":14},"end":{"line":104,"column":19}},"72":{"start":{"line":105,"column":2},"end":{"line":111,"column":5}},"73":{"start":{"line":106,"column":4},"end":{"line":110,"column":5}},"74":{"start":{"line":107,"column":6},"end":{"line":107,"column":33}},"75":{"start":{"line":108,"column":6},"end":{"line":108,"column":34}},"76":{"start":{"line":109,"column":6},"end":{"line":109,"column":19}},"77":{"start":{"line":112,"column":2},"end":{"line":116,"column":3}},"78":{"start":{"line":113,"column":18},"end":{"line":113,"column":49}},"79":{"start":{"line":114,"column":4},"end":{"line":114,"column":27}},"80":{"start":{"line":115,"column":4},"end":{"line":115,"column":16}},"81":{"start":{"line":119,"column":0},"end":{"line":119,"column":24}}},"fnMap":{"0":{"name":"(anonymous_0)","decl":{"start":{"line":6,"column":9},"end":{"line":6,"column":10}},"loc":{"start":{"line":6,"column":21},"end":{"line":6,"column":45}},"line":6},"1":{"name":"(anonymous_1)","decl":{"start":{"line":10,"column":18},"end":{"line":10,"column":19}},"loc":{"start":{"line":10,"column":38},"end":{"line":14,"column":1}},"line":10},"2":{"name":"(anonymous_2)","decl":{"start":{"line":16,"column":24},"end":{"line":16,"column":25}},"loc":{"start":{"line":16,"column":35},"end":{"line":20,"column":1}},"line":16},"3":{"name":"(anonymous_3)","decl":{"start":{"line":17,"column":20},"end":{"line":17,"column":21}},"loc":{"start":{"line":17,"column":26},"end":{"line":19,"column":3}},"line":17},"4":{"name":"(anonymous_4)","decl":{"start":{"line":22,"column":16},"end":{"line":22,"column":17}},"loc":{"start":{"line":22,"column":42},"end":{"line":25,"column":1}},"line":22},"5":{"name":"(anonymous_5)","decl":{"start":{"line":27,"column":19},"end":{"line":27,"column":20}},"loc":{"start":{"line":27,"column":43},"end":{"line":35,"column":1}},"line":27},"6":{"name":"validateMovie","decl":{"start":{"line":37,"column":9},"end":{"line":37,"column":22}},"loc":{"start":{"line":37,"column":30},"end":{"line":44,"column":1}},"line":37},"7":{"name":"(anonymous_7)","decl":{"start":{"line":46,"column":28},"end":{"line":46,"column":29}},"loc":{"start":{"line":46,"column":48},"end":{"line":62,"column":1}},"line":46},"8":{"name":"(anonymous_8)","decl":{"start":{"line":64,"column":16},"end":{"line":64,"column":17}},"loc":{"start":{"line":64,"column":30},"end":{"line":67,"column":1}},"line":64},"9":{"name":"(anonymous_9)","decl":{"start":{"line":69,"column":19},"end":{"line":69,"column":20}},"loc":{"start":{"line":69,"column":39},"end":{"line":83,"column":1}},"line":69},"10":{"name":"(anonymous_10)","decl":{"start":{"line":72,"column":20},"end":{"line":72,"column":21}},"loc":{"start":{"line":72,"column":31},"end":{"line":77,"column":3}},"line":72},"11":{"name":"(anonymous_11)","decl":{"start":{"line":85,"column":30},"end":{"line":85,"column":31}},"loc":{"start":{"line":85,"column":50},"end":{"line":100,"column":1}},"line":85},"12":{"name":"(anonymous_12)","decl":{"start":{"line":88,"column":20},"end":{"line":88,"column":21}},"loc":{"start":{"line":88,"column":38},"end":{"line":94,"column":3}},"line":88},"13":{"name":"(anonymous_13)","decl":{"start":{"line":102,"column":22},"end":{"line":102,"column":23}},"loc":{"start":{"line":102,"column":42},"end":{"line":117,"column":1}},"line":102},"14":{"name":"(anonymous_14)","decl":{"start":{"line":105,"column":20},"end":{"line":105,"column":21}},"loc":{"start":{"line":105,"column":38},"end":{"line":111,"column":3}},"line":105}},"branchMap":{"0":{"loc":{"start":{"line":11,"column":2},"end":{"line":13,"column":16}},"type":"if","locations":[{"start":{"line":11,"column":2},"end":{"line":13,"column":16}},{"start":{"line":11,"column":2},"end":{"line":13,"column":16}}],"line":11},"1":{"loc":{"start":{"line":48,"column":2},"end":{"line":61,"column":3}},"type":"if","locations":[{"start":{"line":48,"column":2},"end":{"line":61,"column":3}},{"start":{"line":48,"column":2},"end":{"line":61,"column":3}}],"line":48},"2":{"loc":{"start":{"line":55,"column":4},"end":{"line":56,"column":59}},"type":"if","locations":[{"start":{"line":55,"column":4},"end":{"line":56,"column":59}},{"start":{"line":55,"column":4},"end":{"line":56,"column":59}}],"line":55},"3":{"loc":{"start":{"line":65,"column":2},"end":{"line":66,"column":32}},"type":"if","locations":[{"start":{"line":65,"column":2},"end":{"line":66,"column":32}},{"start":{"line":65,"column":2},"end":{"line":66,"column":32}}],"line":65},"4":{"loc":{"start":{"line":73,"column":4},"end":{"line":76,"column":5}},"type":"if","locations":[{"start":{"line":73,"column":4},"end":{"line":76,"column":5}},{"start":{"line":73,"column":4},"end":{"line":76,"column":5}}],"line":73},"5":{"loc":{"start":{"line":78,"column":2},"end":{"line":82,"column":3}},"type":"if","locations":[{"start":{"line":78,"column":2},"end":{"line":82,"column":3}},{"start":{"line":78,"column":2},"end":{"line":82,"column":3}}],"line":78},"6":{"loc":{"start":{"line":89,"column":4},"end":{"line":93,"column":5}},"type":"if","locations":[{"start":{"line":89,"column":4},"end":{"line":93,"column":5}},{"start":{"line":89,"column":4},"end":{"line":93,"column":5}}],"line":89},"7":{"loc":{"start":{"line":95,"column":2},"end":{"line":99,"column":3}},"type":"if","locations":[{"start":{"line":95,"column":2},"end":{"line":99,"column":3}},{"start":{"line":95,"column":2},"end":{"line":99,"column":3}}],"line":95},"8":{"loc":{"start":{"line":106,"column":4},"end":{"line":110,"column":5}},"type":"if","locations":[{"start":{"line":106,"column":4},"end":{"line":110,"column":5}},{"start":{"line":106,"column":4},"end":{"line":110,"column":5}}],"line":106},"9":{"loc":{"start":{"line":112,"column":2},"end":{"line":116,"column":3}},"type":"if","locations":[{"start":{"line":112,"column":2},"end":{"line":116,"column":3}},{"start":{"line":112,"column":2},"end":{"line":116,"column":3}}],"line":112}},"s":{"0":2,"1":2,"2":2,"3":2,"4":2,"5":2,"6":2,"7":2,"8":2,"9":7,"10":0,"11":7,"12":2,"13":0,"14":0,"15":2,"16":0,"17":0,"18":2,"19":14,"20":14,"21":14,"22":14,"23":14,"24":14,"25":14,"26":6,"27":6,"28":2,"29":6,"30":6,"31":0,"32":0,"33":0,"34":6,"35":6,"36":5,"37":1,"38":6,"39":6,"40":6,"41":6,"42":2,"43":2,"44":1,"45":1,"46":2,"47":2,"48":2,"49":2,"50":2,"51":2,"52":2,"53":2,"54":0,"55":0,"56":0,"57":2,"58":1,"59":1,"60":1,"61":1,"62":1,"63":1,"64":1,"65":1,"66":0,"67":0,"68":0,"69":2,"70":11,"71":11,"72":11,"73":6,"74":6,"75":6,"76":6,"77":11,"78":5,"79":5,"80":5,"81":2},"f":{"0":2,"1":7,"2":0,"3":0,"4":0,"5":14,"6":6,"7":6,"8":2,"9":2,"10":2,"11":1,"12":1,"13":11,"14":6},"b":{"0":[0,7],"1":[0,6],"2":[5,1],"3":[1,1],"4":[2,0],"5":[0,2],"6":[1,0],"7":[0,1],"8":[6,0],"9":[5,6]},"_coverageSchema":"1a1c01bbd47fc00a2c39e90264f33305004495a9","hash":"978cb2fd5c293bc02f42c5f1e509391828ef7c1d"}
,"/mnt/c/Sphin/Conv Course/express-next-exercise/routes/songs.route.js": {"path":"/mnt/c/Sphin/Conv Course/express-next-exercise/routes/songs.route.js","statementMap":{"0":{"start":{"line":1,"column":16},"end":{"line":1,"column":34}},"1":{"start":{"line":2,"column":15},"end":{"line":2,"column":31}},"2":{"start":{"line":3,"column":23},"end":{"line":3,"column":64}},"3":{"start":{"line":5,"column":0},"end":{"line":5,"column":27}},"4":{"start":{"line":7,"column":18},"end":{"line":11,"column":1}},"5":{"start":{"line":8,"column":2},"end":{"line":10,"column":16}},"6":{"start":{"line":9,"column":4},"end":{"line":9,"column":55}},"7":{"start":{"line":10,"column":9},"end":{"line":10,"column":16}},"8":{"start":{"line":13,"column":0},"end":{"line":22,"column":3}},"9":{"start":{"line":14,"column":17},"end":{"line":14,"column":29}},"10":{"start":{"line":15,"column":16},"end":{"line":15,"column":18}},"11":{"start":{"line":16,"column":2},"end":{"line":16,"column":26}},"12":{"start":{"line":17,"column":2},"end":{"line":17,"column":31}},"13":{"start":{"line":18,"column":2},"end":{"line":18,"column":35}},"14":{"start":{"line":19,"column":2},"end":{"line":19,"column":51}},"15":{"start":{"line":20,"column":2},"end":{"line":20,"column":24}},"16":{"start":{"line":21,"column":2},"end":{"line":21,"column":9}},"17":{"start":{"line":24,"column":0},"end":{"line":24,"column":55}},"18":{"start":{"line":25,"column":0},"end":{"line":25,"column":45}},"19":{"start":{"line":26,"column":0},"end":{"line":26,"column":47}},"20":{"start":{"line":27,"column":0},"end":{"line":27,"column":56}},"21":{"start":{"line":28,"column":0},"end":{"line":28,"column":49}},"22":{"start":{"line":30,"column":0},"end":{"line":30,"column":24}}},"fnMap":{"0":{"name":"(anonymous_0)","decl":{"start":{"line":7,"column":18},"end":{"line":7,"column":19}},"loc":{"start":{"line":7,"column":38},"end":{"line":11,"column":1}},"line":7},"1":{"name":"(anonymous_1)","decl":{"start":{"line":13,"column":19},"end":{"line":13,"column":20}},"loc":{"start":{"line":13,"column":43},"end":{"line":22,"column":1}},"line":13}},"branchMap":{"0":{"loc":{"start":{"line":8,"column":2},"end":{"line":10,"column":16}},"type":"if","locations":[{"start":{"line":8,"column":2},"end":{"line":10,"column":16}},{"start":{"line":8,"column":2},"end":{"line":10,"column":16}}],"line":8}},"s":{"0":2,"1":2,"2":2,"3":2,"4":2,"5":5,"6":1,"7":4,"8":2,"9":6,"10":6,"11":6,"12":6,"13":6,"14":6,"15":6,"16":6,"17":2,"18":2,"19":2,"20":2,"21":2,"22":2},"f":{"0":5,"1":6},"b":{"0":[1,4]},"_coverageSchema":"1a1c01bbd47fc00a2c39e90264f33305004495a9","hash":"59aff9ba3b6a14f04e5fa619783208bca661d578"}
,"/mnt/c/Sphin/Conv Course/express-next-exercise/utils/SongsDB.js": {"path":"/mnt/c/Sphin/Conv Course/express-next-exercise/utils/SongsDB.js","statementMap":{"0":{"start":{"line":1,"column":17},"end":{"line":1,"column":36}},"1":{"start":{"line":3,"column":21},"end":{"line":8,"column":1}},"2":{"start":{"line":11,"column":15},"end":{"line":11,"column":24}},"3":{"start":{"line":12,"column":14},"end":{"line":12,"column":78}},"4":{"start":{"line":13,"column":0},"end":{"line":13,"column":38}},"5":{"start":{"line":14,"column":11},"end":{"line":14,"column":30}},"6":{"start":{"line":19,"column":0},"end":{"line":19,"column":65}},"7":{"start":{"line":20,"column":0},"end":{"line":22,"column":3}},"8":{"start":{"line":21,"column":2},"end":{"line":21,"column":50}}},"fnMap":{"0":{"name":"(anonymous_0)","decl":{"start":{"line":20,"column":16},"end":{"line":20,"column":17}},"loc":{"start":{"line":20,"column":22},"end":{"line":22,"column":1}},"line":20}},"branchMap":{"0":{"loc":{"start":{"line":12,"column":14},"end":{"line":12,"column":78}},"type":"binary-expr","locations":[{"start":{"line":12,"column":14},"end":{"line":12,"column":37}},{"start":{"line":12,"column":41},"end":{"line":12,"column":78}}],"line":12}},"s":{"0":2,"1":2,"2":2,"3":2,"4":2,"5":2,"6":2,"7":2,"8":2},"f":{"0":2},"b":{"0":[2,0]},"_coverageSchema":"1a1c01bbd47fc00a2c39e90264f33305004495a9","hash":"43d0fc2df456b333affd3485b8604840f472875d"}
,"/mnt/c/Sphin/Conv Course/express-next-exercise/utils/teardownMongoose.js": {"path":"/mnt/c/Sphin/Conv Course/express-next-exercise/utils/teardownMongoose.js","statementMap":{"0":{"start":{"line":1,"column":17},"end":{"line":1,"column":36}},"1":{"start":{"line":3,"column":25},"end":{"line":6,"column":1}},"2":{"start":{"line":5,"column":2},"end":{"line":5,"column":30}},"3":{"start":{"line":7,"column":0},"end":{"line":7,"column":38}}},"fnMap":{"0":{"name":"(anonymous_0)","decl":{"start":{"line":3,"column":25},"end":{"line":3,"column":26}},"loc":{"start":{"line":3,"column":37},"end":{"line":6,"column":1}},"line":3}},"branchMap":{},"s":{"0":2,"1":2,"2":3,"3":2},"f":{"0":3},"b":{},"_coverageSchema":"1a1c01bbd47fc00a2c39e90264f33305004495a9","hash":"ba3ec22e187e4f20789dc6d4fc3e12099f6f7840"}
}
