{"/mnt/c/Sphin/Conv Course/express-next-exercise/playlist.js": {"path":"/mnt/c/Sphin/Conv Course/express-next-exercise/playlist.js","statementMap":{"0":{"start":{"line":1,"column":16},"end":{"line":1,"column":34}},"1":{"start":{"line":2,"column":20},"end":{"line":2,"column":44}},"2":{"start":{"line":3,"column":20},"end":{"line":3,"column":44}},"3":{"start":{"line":5,"column":0},"end":{"line":5,"column":28}},"4":{"start":{"line":7,"column":12},"end":{"line":7,"column":21}},"5":{"start":{"line":9,"column":0},"end":{"line":9,"column":28}},"6":{"start":{"line":12,"column":0},"end":{"line":15,"column":3}},"7":{"start":{"line":13,"column":2},"end":{"line":13,"column":41}},"8":{"start":{"line":14,"column":2},"end":{"line":14,"column":47}},"9":{"start":{"line":17,"column":0},"end":{"line":17,"column":21}}},"fnMap":{"0":{"name":"(anonymous_0)","decl":{"start":{"line":12,"column":8},"end":{"line":12,"column":9}},"loc":{"start":{"line":12,"column":33},"end":{"line":15,"column":1}},"line":12}},"branchMap":{"0":{"loc":{"start":{"line":13,"column":19},"end":{"line":13,"column":40}},"type":"binary-expr","locations":[{"start":{"line":13,"column":19},"end":{"line":13,"column":33}},{"start":{"line":13,"column":37},"end":{"line":13,"column":40}}],"line":13}},"s":{"0":2,"1":2,"2":2,"3":2,"4":2,"5":2,"6":2,"7":10,"8":10,"9":2},"f":{"0":10},"b":{"0":[10,0]},"_coverageSchema":"1a1c01bbd47fc00a2c39e90264f33305004495a9","hash":"4915e92c7fe969b34d706d85c586c597bbe9ce3d"}
,"/mnt/c/Sphin/Conv Course/express-next-exercise/playlist_v1.js": {"path":"/mnt/c/Sphin/Conv Course/express-next-exercise/playlist_v1.js","statementMap":{"0":{"start":{"line":1,"column":16},"end":{"line":1,"column":34}},"1":{"start":{"line":2,"column":12},"end":{"line":2,"column":28}},"2":{"start":{"line":5,"column":20},"end":{"line":5,"column":51}},"3":{"start":{"line":6,"column":21},"end":{"line":6,"column":53}},"4":{"start":{"line":8,"column":0},"end":{"line":8,"column":31}},"5":{"start":{"line":9,"column":0},"end":{"line":9,"column":33}},"6":{"start":{"line":11,"column":0},"end":{"line":13,"column":3}},"7":{"start":{"line":12,"column":2},"end":{"line":12,"column":40}},"8":{"start":{"line":15,"column":0},"end":{"line":15,"column":21}}},"fnMap":{"0":{"name":"(anonymous_0)","decl":{"start":{"line":11,"column":13},"end":{"line":11,"column":14}},"loc":{"start":{"line":11,"column":27},"end":{"line":13,"column":1}},"line":11}},"branchMap":{},"s":{"0":2,"1":2,"2":2,"3":2,"4":2,"5":2,"6":2,"7":0,"8":2},"f":{"0":0},"b":{},"_coverageSchema":"1a1c01bbd47fc00a2c39e90264f33305004495a9","hash":"0ccbadbf28eda95313621732fb53cbbdc60790a6"}
,"/mnt/c/Sphin/Conv Course/express-next-exercise/playlist_v2.js": {"path":"/mnt/c/Sphin/Conv Course/express-next-exercise/playlist_v2.js","statementMap":{"0":{"start":{"line":1,"column":16},"end":{"line":1,"column":34}},"1":{"start":{"line":2,"column":12},"end":{"line":2,"column":28}},"2":{"start":{"line":3,"column":13},"end":{"line":3,"column":17}},"3":{"start":{"line":5,"column":20},"end":{"line":5,"column":51}},"4":{"start":{"line":6,"column":21},"end":{"line":6,"column":53}},"5":{"start":{"line":8,"column":0},"end":{"line":8,"column":31}},"6":{"start":{"line":9,"column":0},"end":{"line":9,"column":33}},"7":{"start":{"line":11,"column":0},"end":{"line":13,"column":3}},"8":{"start":{"line":12,"column":2},"end":{"line":12,"column":40}},"9":{"start":{"line":15,"column":0},"end":{"line":15,"column":21}}},"fnMap":{"0":{"name":"(anonymous_0)","decl":{"start":{"line":11,"column":13},"end":{"line":11,"column":14}},"loc":{"start":{"line":11,"column":27},"end":{"line":13,"column":1}},"line":11}},"branchMap":{},"s":{"0":2,"1":2,"2":2,"3":2,"4":2,"5":2,"6":2,"7":2,"8":0,"9":2},"f":{"0":0},"b":{},"_coverageSchema":"1a1c01bbd47fc00a2c39e90264f33305004495a9","hash":"67e0204ed972ae0dcee22a55cf0df1155661da35"}
,"/mnt/c/Sphin/Conv Course/express-next-exercise/controllers/movie.controller.js": {"path":"/mnt/c/Sphin/Conv Course/express-next-exercise/controllers/movie.controller.js","statementMap":{"0":{"start":{"line":1,"column":12},"end":{"line":1,"column":32}},"1":{"start":{"line":2,"column":12},"end":{"line":2,"column":52}},"2":{"start":{"line":3,"column":14},"end":{"line":3,"column":46}},"3":{"start":{"line":6,"column":17},"end":{"line":11,"column":4}},"4":{"start":{"line":12,"column":2},"end":{"line":12,"column":32}},"5":{"start":{"line":15,"column":20},"end":{"line":36,"column":1}},"6":{"start":{"line":16,"column":2},"end":{"line":35,"column":3}},"7":{"start":{"line":17,"column":23},"end":{"line":17,"column":46}},"8":{"start":{"line":18,"column":4},"end":{"line":32,"column":5}},"9":{"start":{"line":19,"column":20},"end":{"line":19,"column":66}},"10":{"start":{"line":21,"column":6},"end":{"line":21,"column":29}},"11":{"start":{"line":22,"column":6},"end":{"line":22,"column":18}},"12":{"start":{"line":24,"column":18},"end":{"line":24,"column":20}},"13":{"start":{"line":25,"column":6},"end":{"line":25,"column":51}},"14":{"start":{"line":26,"column":6},"end":{"line":26,"column":33}},"15":{"start":{"line":27,"column":6},"end":{"line":27,"column":41}},"16":{"start":{"line":28,"column":6},"end":{"line":28,"column":53}},"17":{"start":{"line":29,"column":23},"end":{"line":29,"column":39}},"18":{"start":{"line":30,"column":6},"end":{"line":30,"column":28}},"19":{"start":{"line":31,"column":6},"end":{"line":31,"column":37}},"20":{"start":{"line":34,"column":4},"end":{"line":34,"column":14}},"21":{"start":{"line":38,"column":22},"end":{"line":50,"column":1}},"22":{"start":{"line":39,"column":2},"end":{"line":49,"column":3}},"23":{"start":{"line":40,"column":19},"end":{"line":40,"column":52}},"24":{"start":{"line":41,"column":4},"end":{"line":46,"column":5}},"25":{"start":{"line":41,"column":27},"end":{"line":41,"column":56}},"26":{"start":{"line":43,"column":20},"end":{"line":43,"column":52}},"27":{"start":{"line":44,"column":6},"end":{"line":44,"column":29}},"28":{"start":{"line":45,"column":6},"end":{"line":45,"column":18}},"29":{"start":{"line":48,"column":4},"end":{"line":48,"column":14}},"30":{"start":{"line":52,"column":21},"end":{"line":66,"column":1}},"31":{"start":{"line":53,"column":2},"end":{"line":65,"column":3}},"32":{"start":{"line":54,"column":19},"end":{"line":54,"column":21}},"33":{"start":{"line":55,"column":4},"end":{"line":55,"column":44}},"34":{"start":{"line":56,"column":4},"end":{"line":56,"column":60}},"35":{"start":{"line":57,"column":4},"end":{"line":62,"column":5}},"36":{"start":{"line":57,"column":20},"end":{"line":57,"column":53}},"37":{"start":{"line":59,"column":20},"end":{"line":59,"column":51}},"38":{"start":{"line":60,"column":6},"end":{"line":60,"column":29}},"39":{"start":{"line":61,"column":6},"end":{"line":61,"column":18}},"40":{"start":{"line":64,"column":4},"end":{"line":64,"column":14}},"41":{"start":{"line":68,"column":27},"end":{"line":84,"column":1}},"42":{"start":{"line":69,"column":2},"end":{"line":83,"column":3}},"43":{"start":{"line":70,"column":19},"end":{"line":70,"column":21}},"44":{"start":{"line":71,"column":4},"end":{"line":71,"column":44}},"45":{"start":{"line":72,"column":4},"end":{"line":74,"column":7}},"46":{"start":{"line":75,"column":4},"end":{"line":80,"column":5}},"47":{"start":{"line":75,"column":20},"end":{"line":75,"column":53}},"48":{"start":{"line":77,"column":20},"end":{"line":77,"column":51}},"49":{"start":{"line":78,"column":6},"end":{"line":78,"column":29}},"50":{"start":{"line":79,"column":6},"end":{"line":79,"column":18}},"51":{"start":{"line":82,"column":4},"end":{"line":82,"column":14}},"52":{"start":{"line":86,"column":20},"end":{"line":100,"column":1}},"53":{"start":{"line":87,"column":2},"end":{"line":99,"column":3}},"54":{"start":{"line":88,"column":19},"end":{"line":88,"column":21}},"55":{"start":{"line":89,"column":4},"end":{"line":89,"column":44}},"56":{"start":{"line":90,"column":4},"end":{"line":90,"column":56}},"57":{"start":{"line":91,"column":4},"end":{"line":96,"column":5}},"58":{"start":{"line":91,"column":20},"end":{"line":91,"column":53}},"59":{"start":{"line":93,"column":20},"end":{"line":93,"column":51}},"60":{"start":{"line":94,"column":6},"end":{"line":94,"column":29}},"61":{"start":{"line":95,"column":6},"end":{"line":95,"column":18}},"62":{"start":{"line":98,"column":4},"end":{"line":98,"column":14}},"63":{"start":{"line":102,"column":0},"end":{"line":108,"column":2}}},"fnMap":{"0":{"name":"validateMovie","decl":{"start":{"line":5,"column":9},"end":{"line":5,"column":22}},"loc":{"start":{"line":5,"column":30},"end":{"line":13,"column":1}},"line":5},"1":{"name":"(anonymous_1)","decl":{"start":{"line":15,"column":20},"end":{"line":15,"column":21}},"loc":{"start":{"line":15,"column":46},"end":{"line":36,"column":1}},"line":15},"2":{"name":"(anonymous_2)","decl":{"start":{"line":38,"column":22},"end":{"line":38,"column":23}},"loc":{"start":{"line":38,"column":48},"end":{"line":50,"column":1}},"line":38},"3":{"name":"(anonymous_3)","decl":{"start":{"line":52,"column":21},"end":{"line":52,"column":22}},"loc":{"start":{"line":52,"column":47},"end":{"line":66,"column":1}},"line":52},"4":{"name":"(anonymous_4)","decl":{"start":{"line":68,"column":27},"end":{"line":68,"column":28}},"loc":{"start":{"line":68,"column":53},"end":{"line":84,"column":1}},"line":68},"5":{"name":"(anonymous_5)","decl":{"start":{"line":86,"column":20},"end":{"line":86,"column":21}},"loc":{"start":{"line":86,"column":46},"end":{"line":100,"column":1}},"line":86}},"branchMap":{"0":{"loc":{"start":{"line":18,"column":4},"end":{"line":32,"column":5}},"type":"if","locations":[{"start":{"line":18,"column":4},"end":{"line":32,"column":5}},{"start":{"line":18,"column":4},"end":{"line":32,"column":5}}],"line":18},"1":{"loc":{"start":{"line":41,"column":4},"end":{"line":46,"column":5}},"type":"if","locations":[{"start":{"line":41,"column":4},"end":{"line":46,"column":5}},{"start":{"line":41,"column":4},"end":{"line":46,"column":5}}],"line":41},"2":{"loc":{"start":{"line":57,"column":4},"end":{"line":62,"column":5}},"type":"if","locations":[{"start":{"line":57,"column":4},"end":{"line":62,"column":5}},{"start":{"line":57,"column":4},"end":{"line":62,"column":5}}],"line":57},"3":{"loc":{"start":{"line":75,"column":4},"end":{"line":80,"column":5}},"type":"if","locations":[{"start":{"line":75,"column":4},"end":{"line":80,"column":5}},{"start":{"line":75,"column":4},"end":{"line":80,"column":5}}],"line":75},"4":{"loc":{"start":{"line":91,"column":4},"end":{"line":96,"column":5}},"type":"if","locations":[{"start":{"line":91,"column":4},"end":{"line":96,"column":5}},{"start":{"line":91,"column":4},"end":{"line":96,"column":5}}],"line":91}},"s":{"0":2,"1":2,"2":2,"3":2,"4":2,"5":2,"6":2,"7":2,"8":2,"9":1,"10":1,"11":1,"12":1,"13":1,"14":1,"15":1,"16":1,"17":1,"18":1,"19":1,"20":0,"21":2,"22":2,"23":2,"24":2,"25":1,"26":1,"27":1,"28":1,"29":0,"30":2,"31":3,"32":3,"33":3,"34":3,"35":3,"36":2,"37":1,"38":1,"39":1,"40":0,"41":2,"42":2,"43":2,"44":2,"45":2,"46":2,"47":1,"48":1,"49":1,"50":1,"51":0,"52":2,"53":2,"54":2,"55":2,"56":2,"57":2,"58":1,"59":1,"60":1,"61":1,"62":0,"63":2},"f":{"0":2,"1":2,"2":2,"3":3,"4":2,"5":2},"b":{"0":[1,1],"1":[1,1],"2":[2,1],"3":[1,1],"4":[1,1]},"_coverageSchema":"1a1c01bbd47fc00a2c39e90264f33305004495a9","hash":"7375818af9d067f432ae1f1b3ae5b5e3b7a3119a"}
,"/mnt/c/Sphin/Conv Course/express-next-exercise/controllers/song.controller.js": {"path":"/mnt/c/Sphin/Conv Course/express-next-exercise/controllers/song.controller.js","statementMap":{"0":{"start":{"line":1,"column":12},"end":{"line":1,"column":32}},"1":{"start":{"line":2,"column":13},"end":{"line":2,"column":44}},"2":{"start":{"line":3,"column":12},"end":{"line":3,"column":39}},"3":{"start":{"line":6,"column":17},"end":{"line":11,"column":4}},"4":{"start":{"line":12,"column":2},"end":{"line":12,"column":31}},"5":{"start":{"line":15,"column":19},"end":{"line":38,"column":1}},"6":{"start":{"line":16,"column":2},"end":{"line":37,"column":3}},"7":{"start":{"line":17,"column":23},"end":{"line":17,"column":45}},"8":{"start":{"line":18,"column":4},"end":{"line":34,"column":5}},"9":{"start":{"line":19,"column":20},"end":{"line":19,"column":66}},"10":{"start":{"line":21,"column":6},"end":{"line":21,"column":29}},"11":{"start":{"line":22,"column":6},"end":{"line":22,"column":18}},"12":{"start":{"line":24,"column":6},"end":{"line":24,"column":55}},"13":{"start":{"line":25,"column":20},"end":{"line":25,"column":22}},"14":{"start":{"line":26,"column":6},"end":{"line":26,"column":35}},"15":{"start":{"line":27,"column":6},"end":{"line":27,"column":39}},"16":{"start":{"line":28,"column":6},"end":{"line":28,"column":55}},"17":{"start":{"line":29,"column":6},"end":{"line":29,"column":51}},"18":{"start":{"line":30,"column":6},"end":{"line":30,"column":45}},"19":{"start":{"line":31,"column":22},"end":{"line":31,"column":39}},"20":{"start":{"line":32,"column":6},"end":{"line":32,"column":27}},"21":{"start":{"line":33,"column":6},"end":{"line":33,"column":36}},"22":{"start":{"line":36,"column":4},"end":{"line":36,"column":14}},"23":{"start":{"line":40,"column":21},"end":{"line":53,"column":1}},"24":{"start":{"line":41,"column":2},"end":{"line":52,"column":3}},"25":{"start":{"line":42,"column":4},"end":{"line":42,"column":40}},"26":{"start":{"line":43,"column":18},"end":{"line":43,"column":50}},"27":{"start":{"line":44,"column":4},"end":{"line":49,"column":5}},"28":{"start":{"line":44,"column":26},"end":{"line":44,"column":54}},"29":{"start":{"line":46,"column":20},"end":{"line":46,"column":51}},"30":{"start":{"line":47,"column":6},"end":{"line":47,"column":29}},"31":{"start":{"line":48,"column":6},"end":{"line":48,"column":18}},"32":{"start":{"line":51,"column":4},"end":{"line":51,"column":14}},"33":{"start":{"line":55,"column":20},"end":{"line":70,"column":1}},"34":{"start":{"line":56,"column":2},"end":{"line":69,"column":3}},"35":{"start":{"line":57,"column":20},"end":{"line":57,"column":31}},"36":{"start":{"line":58,"column":19},"end":{"line":58,"column":21}},"37":{"start":{"line":59,"column":4},"end":{"line":59,"column":37}},"38":{"start":{"line":60,"column":4},"end":{"line":60,"column":58}},"39":{"start":{"line":61,"column":17},"end":{"line":61,"column":58}},"40":{"start":{"line":62,"column":4},"end":{"line":66,"column":38}},"41":{"start":{"line":63,"column":20},"end":{"line":63,"column":50}},"42":{"start":{"line":64,"column":6},"end":{"line":64,"column":29}},"43":{"start":{"line":65,"column":6},"end":{"line":65,"column":18}},"44":{"start":{"line":66,"column":11},"end":{"line":66,"column":38}},"45":{"start":{"line":68,"column":4},"end":{"line":68,"column":14}},"46":{"start":{"line":72,"column":29},"end":{"line":87,"column":1}},"47":{"start":{"line":73,"column":2},"end":{"line":86,"column":3}},"48":{"start":{"line":74,"column":20},"end":{"line":74,"column":31}},"49":{"start":{"line":75,"column":19},"end":{"line":75,"column":21}},"50":{"start":{"line":76,"column":4},"end":{"line":76,"column":37}},"51":{"start":{"line":77,"column":4},"end":{"line":77,"column":68}},"52":{"start":{"line":78,"column":17},"end":{"line":78,"column":78}},"53":{"start":{"line":79,"column":4},"end":{"line":83,"column":38}},"54":{"start":{"line":80,"column":20},"end":{"line":80,"column":50}},"55":{"start":{"line":81,"column":6},"end":{"line":81,"column":29}},"56":{"start":{"line":82,"column":6},"end":{"line":82,"column":18}},"57":{"start":{"line":83,"column":11},"end":{"line":83,"column":38}},"58":{"start":{"line":85,"column":4},"end":{"line":85,"column":14}},"59":{"start":{"line":89,"column":19},"end":{"line":104,"column":1}},"60":{"start":{"line":90,"column":2},"end":{"line":103,"column":3}},"61":{"start":{"line":91,"column":20},"end":{"line":91,"column":31}},"62":{"start":{"line":92,"column":19},"end":{"line":92,"column":21}},"63":{"start":{"line":93,"column":4},"end":{"line":93,"column":37}},"64":{"start":{"line":94,"column":4},"end":{"line":94,"column":58}},"65":{"start":{"line":95,"column":17},"end":{"line":95,"column":54}},"66":{"start":{"line":96,"column":4},"end":{"line":100,"column":38}},"67":{"start":{"line":97,"column":20},"end":{"line":97,"column":50}},"68":{"start":{"line":98,"column":6},"end":{"line":98,"column":29}},"69":{"start":{"line":99,"column":6},"end":{"line":99,"column":18}},"70":{"start":{"line":100,"column":11},"end":{"line":100,"column":38}},"71":{"start":{"line":102,"column":4},"end":{"line":102,"column":14}},"72":{"start":{"line":106,"column":0},"end":{"line":112,"column":2}}},"fnMap":{"0":{"name":"validateSong","decl":{"start":{"line":5,"column":9},"end":{"line":5,"column":21}},"loc":{"start":{"line":5,"column":28},"end":{"line":13,"column":1}},"line":5},"1":{"name":"(anonymous_1)","decl":{"start":{"line":15,"column":19},"end":{"line":15,"column":20}},"loc":{"start":{"line":15,"column":45},"end":{"line":38,"column":1}},"line":15},"2":{"name":"(anonymous_2)","decl":{"start":{"line":40,"column":21},"end":{"line":40,"column":22}},"loc":{"start":{"line":40,"column":47},"end":{"line":53,"column":1}},"line":40},"3":{"name":"(anonymous_3)","decl":{"start":{"line":55,"column":20},"end":{"line":55,"column":21}},"loc":{"start":{"line":55,"column":46},"end":{"line":70,"column":1}},"line":55},"4":{"name":"(anonymous_4)","decl":{"start":{"line":72,"column":29},"end":{"line":72,"column":30}},"loc":{"start":{"line":72,"column":55},"end":{"line":87,"column":1}},"line":72},"5":{"name":"(anonymous_5)","decl":{"start":{"line":89,"column":19},"end":{"line":89,"column":20}},"loc":{"start":{"line":89,"column":45},"end":{"line":104,"column":1}},"line":89}},"branchMap":{"0":{"loc":{"start":{"line":18,"column":4},"end":{"line":34,"column":5}},"type":"if","locations":[{"start":{"line":18,"column":4},"end":{"line":34,"column":5}},{"start":{"line":18,"column":4},"end":{"line":34,"column":5}}],"line":18},"1":{"loc":{"start":{"line":44,"column":4},"end":{"line":49,"column":5}},"type":"if","locations":[{"start":{"line":44,"column":4},"end":{"line":49,"column":5}},{"start":{"line":44,"column":4},"end":{"line":49,"column":5}}],"line":44},"2":{"loc":{"start":{"line":62,"column":4},"end":{"line":66,"column":38}},"type":"if","locations":[{"start":{"line":62,"column":4},"end":{"line":66,"column":38}},{"start":{"line":62,"column":4},"end":{"line":66,"column":38}}],"line":62},"3":{"loc":{"start":{"line":79,"column":4},"end":{"line":83,"column":38}},"type":"if","locations":[{"start":{"line":79,"column":4},"end":{"line":83,"column":38}},{"start":{"line":79,"column":4},"end":{"line":83,"column":38}}],"line":79},"4":{"loc":{"start":{"line":96,"column":4},"end":{"line":100,"column":38}},"type":"if","locations":[{"start":{"line":96,"column":4},"end":{"line":100,"column":38}},{"start":{"line":96,"column":4},"end":{"line":100,"column":38}}],"line":96}},"s":{"0":2,"1":2,"2":2,"3":3,"4":3,"5":2,"6":3,"7":3,"8":3,"9":1,"10":1,"11":1,"12":2,"13":2,"14":2,"15":2,"16":2,"17":2,"18":2,"19":2,"20":2,"21":2,"22":0,"23":2,"24":3,"25":3,"26":3,"27":3,"28":2,"29":1,"30":1,"31":1,"32":0,"33":2,"34":2,"35":2,"36":2,"37":2,"38":2,"39":2,"40":2,"41":1,"42":1,"43":1,"44":1,"45":0,"46":2,"47":2,"48":2,"49":2,"50":2,"51":2,"52":2,"53":2,"54":1,"55":1,"56":1,"57":1,"58":0,"59":2,"60":2,"61":2,"62":2,"63":2,"64":2,"65":2,"66":2,"67":1,"68":1,"69":1,"70":1,"71":0,"72":2},"f":{"0":3,"1":3,"2":3,"3":2,"4":2,"5":2},"b":{"0":[1,2],"1":[2,1],"2":[1,1],"3":[1,1],"4":[1,1]},"_coverageSchema":"1a1c01bbd47fc00a2c39e90264f33305004495a9","hash":"320c63ec8c9d9a83c0fd0eac4738178c8e1feb48"}
,"/mnt/c/Sphin/Conv Course/express-next-exercise/controllers/uid.controller.js": {"path":"/mnt/c/Sphin/Conv Course/express-next-exercise/controllers/uid.controller.js","statementMap":{"0":{"start":{"line":1,"column":12},"end":{"line":1,"column":42}},"1":{"start":{"line":3,"column":18},"end":{"line":26,"column":1}},"2":{"start":{"line":4,"column":2},"end":{"line":25,"column":3}},"3":{"start":{"line":5,"column":4},"end":{"line":5,"column":67}},"4":{"start":{"line":6,"column":21},"end":{"line":6,"column":72}},"5":{"start":{"line":7,"column":17},"end":{"line":7,"column":19}},"6":{"start":{"line":8,"column":4},"end":{"line":20,"column":5}},"7":{"start":{"line":9,"column":6},"end":{"line":9,"column":71}},"8":{"start":{"line":10,"column":6},"end":{"line":12,"column":8}},"9":{"start":{"line":13,"column":6},"end":{"line":13,"column":26}},"10":{"start":{"line":15,"column":6},"end":{"line":19,"column":8}},"11":{"start":{"line":21,"column":4},"end":{"line":21,"column":34}},"12":{"start":{"line":22,"column":4},"end":{"line":22,"column":28}},"13":{"start":{"line":24,"column":4},"end":{"line":24,"column":25}},"14":{"start":{"line":28,"column":0},"end":{"line":30,"column":2}}},"fnMap":{"0":{"name":"(anonymous_0)","decl":{"start":{"line":3,"column":18},"end":{"line":3,"column":19}},"loc":{"start":{"line":3,"column":45},"end":{"line":26,"column":1}},"line":3}},"branchMap":{"0":{"loc":{"start":{"line":8,"column":4},"end":{"line":20,"column":5}},"type":"if","locations":[{"start":{"line":8,"column":4},"end":{"line":20,"column":5}},{"start":{"line":8,"column":4},"end":{"line":20,"column":5}}],"line":8}},"s":{"0":2,"1":2,"2":3,"3":3,"4":3,"5":3,"6":3,"7":2,"8":2,"9":2,"10":1,"11":3,"12":3,"13":0,"14":2},"f":{"0":3},"b":{"0":[2,1]},"_coverageSchema":"1a1c01bbd47fc00a2c39e90264f33305004495a9","hash":"6d04bb3a6208044e087bb1cd6451f28e7b5ce3d6"}
,"/mnt/c/Sphin/Conv Course/express-next-exercise/models/movie.model.js": {"path":"/mnt/c/Sphin/Conv Course/express-next-exercise/models/movie.model.js","statementMap":{"0":{"start":{"line":1,"column":17},"end":{"line":1,"column":36}},"1":{"start":{"line":2,"column":15},"end":{"line":2,"column":30}},"2":{"start":{"line":4,"column":20},"end":{"line":29,"column":2}},"3":{"start":{"line":31,"column":14},"end":{"line":31,"column":50}},"4":{"start":{"line":32,"column":0},"end":{"line":32,"column":23}}},"fnMap":{},"branchMap":{},"s":{"0":2,"1":2,"2":2,"3":2,"4":2},"f":{},"b":{},"_coverageSchema":"1a1c01bbd47fc00a2c39e90264f33305004495a9","hash":"e066c41a205e2cd81eaa2a381d444bcf94c58b6f"}
,"/mnt/c/Sphin/Conv Course/express-next-exercise/models/song.model.js": {"path":"/mnt/c/Sphin/Conv Course/express-next-exercise/models/song.model.js","statementMap":{"0":{"start":{"line":1,"column":17},"end":{"line":1,"column":36}},"1":{"start":{"line":2,"column":15},"end":{"line":2,"column":30}},"2":{"start":{"line":4,"column":19},"end":{"line":30,"column":2}},"3":{"start":{"line":32,"column":13},"end":{"line":32,"column":47}},"4":{"start":{"line":33,"column":0},"end":{"line":33,"column":22}}},"fnMap":{},"branchMap":{},"s":{"0":2,"1":2,"2":2,"3":2,"4":2},"f":{},"b":{},"_coverageSchema":"1a1c01bbd47fc00a2c39e90264f33305004495a9","hash":"356cb653892209a29e2edda5a5ad3a2264120822"}
,"/mnt/c/Sphin/Conv Course/express-next-exercise/models/uid.model.js": {"path":"/mnt/c/Sphin/Conv Course/express-next-exercise/models/uid.model.js","statementMap":{"0":{"start":{"line":1,"column":17},"end":{"line":1,"column":36}},"1":{"start":{"line":2,"column":15},"end":{"line":2,"column":30}},"2":{"start":{"line":3,"column":18},"end":{"line":6,"column":2}},"3":{"start":{"line":8,"column":12},"end":{"line":8,"column":44}},"4":{"start":{"line":9,"column":0},"end":{"line":9,"column":21}}},"fnMap":{},"branchMap":{},"s":{"0":2,"1":2,"2":2,"3":2,"4":2},"f":{},"b":{},"_coverageSchema":"1a1c01bbd47fc00a2c39e90264f33305004495a9","hash":"5626e9272480f94436a0345d77af7f5344e0fbcc"}
,"/mnt/c/Sphin/Conv Course/express-next-exercise/routes/movies.route.js": {"path":"/mnt/c/Sphin/Conv Course/express-next-exercise/routes/movies.route.js","statementMap":{"0":{"start":{"line":1,"column":16},"end":{"line":1,"column":34}},"1":{"start":{"line":2,"column":15},"end":{"line":2,"column":31}},"2":{"start":{"line":3,"column":24},"end":{"line":3,"column":66}},"3":{"start":{"line":4,"column":22},"end":{"line":4,"column":53}},"4":{"start":{"line":5,"column":0},"end":{"line":5,"column":27}},"5":{"start":{"line":7,"column":0},"end":{"line":16,"column":3}},"6":{"start":{"line":8,"column":18},"end":{"line":8,"column":30}},"7":{"start":{"line":9,"column":17},"end":{"line":9,"column":19}},"8":{"start":{"line":10,"column":2},"end":{"line":10,"column":29}},"9":{"start":{"line":11,"column":2},"end":{"line":11,"column":32}},"10":{"start":{"line":12,"column":2},"end":{"line":12,"column":40}},"11":{"start":{"line":13,"column":2},"end":{"line":13,"column":52}},"12":{"start":{"line":14,"column":2},"end":{"line":14,"column":26}},"13":{"start":{"line":15,"column":2},"end":{"line":15,"column":9}},"14":{"start":{"line":18,"column":0},"end":{"line":18,"column":57}},"15":{"start":{"line":19,"column":0},"end":{"line":19,"column":47}},"16":{"start":{"line":20,"column":0},"end":{"line":20,"column":49}},"17":{"start":{"line":21,"column":0},"end":{"line":21,"column":55}},"18":{"start":{"line":22,"column":0},"end":{"line":22,"column":51}},"19":{"start":{"line":24,"column":0},"end":{"line":24,"column":24}}},"fnMap":{"0":{"name":"(anonymous_0)","decl":{"start":{"line":7,"column":19},"end":{"line":7,"column":20}},"loc":{"start":{"line":7,"column":43},"end":{"line":16,"column":1}},"line":7}},"branchMap":{},"s":{"0":2,"1":2,"2":2,"3":2,"4":2,"5":2,"6":7,"7":7,"8":7,"9":7,"10":7,"11":7,"12":7,"13":7,"14":2,"15":2,"16":2,"17":2,"18":2,"19":2},"f":{"0":7},"b":{},"_coverageSchema":"1a1c01bbd47fc00a2c39e90264f33305004495a9","hash":"5522b610bcfbeed945ba25ac9a015bdd572b4918"}
,"/mnt/c/Sphin/Conv Course/express-next-exercise/routes/songs.route.js": {"path":"/mnt/c/Sphin/Conv Course/express-next-exercise/routes/songs.route.js","statementMap":{"0":{"start":{"line":1,"column":16},"end":{"line":1,"column":34}},"1":{"start":{"line":2,"column":15},"end":{"line":2,"column":31}},"2":{"start":{"line":3,"column":23},"end":{"line":3,"column":64}},"3":{"start":{"line":4,"column":22},"end":{"line":4,"column":53}},"4":{"start":{"line":6,"column":0},"end":{"line":6,"column":27}},"5":{"start":{"line":14,"column":0},"end":{"line":23,"column":3}},"6":{"start":{"line":15,"column":17},"end":{"line":15,"column":29}},"7":{"start":{"line":16,"column":16},"end":{"line":16,"column":18}},"8":{"start":{"line":17,"column":2},"end":{"line":17,"column":26}},"9":{"start":{"line":18,"column":2},"end":{"line":18,"column":31}},"10":{"start":{"line":19,"column":2},"end":{"line":19,"column":35}},"11":{"start":{"line":20,"column":2},"end":{"line":20,"column":51}},"12":{"start":{"line":21,"column":2},"end":{"line":21,"column":24}},"13":{"start":{"line":22,"column":2},"end":{"line":22,"column":9}},"14":{"start":{"line":25,"column":0},"end":{"line":25,"column":55}},"15":{"start":{"line":26,"column":0},"end":{"line":26,"column":45}},"16":{"start":{"line":27,"column":0},"end":{"line":27,"column":47}},"17":{"start":{"line":28,"column":0},"end":{"line":28,"column":56}},"18":{"start":{"line":29,"column":0},"end":{"line":29,"column":49}},"19":{"start":{"line":31,"column":0},"end":{"line":31,"column":24}}},"fnMap":{"0":{"name":"(anonymous_0)","decl":{"start":{"line":14,"column":19},"end":{"line":14,"column":20}},"loc":{"start":{"line":14,"column":43},"end":{"line":23,"column":1}},"line":14}},"branchMap":{},"s":{"0":2,"1":2,"2":2,"3":2,"4":2,"5":2,"6":6,"7":6,"8":6,"9":6,"10":6,"11":6,"12":6,"13":6,"14":2,"15":2,"16":2,"17":2,"18":2,"19":2},"f":{"0":6},"b":{},"_coverageSchema":"1a1c01bbd47fc00a2c39e90264f33305004495a9","hash":"1650e0699b974d010ba2febbdee3a0f597387f14"}
,"/mnt/c/Sphin/Conv Course/express-next-exercise/utils/middlewares.js": {"path":"/mnt/c/Sphin/Conv Course/express-next-exercise/utils/middlewares.js","statementMap":{"0":{"start":{"line":1,"column":18},"end":{"line":5,"column":1}},"1":{"start":{"line":2,"column":2},"end":{"line":4,"column":16}},"2":{"start":{"line":3,"column":4},"end":{"line":3,"column":55}},"3":{"start":{"line":4,"column":9},"end":{"line":4,"column":16}},"4":{"start":{"line":7,"column":0},"end":{"line":9,"column":2}}},"fnMap":{"0":{"name":"(anonymous_0)","decl":{"start":{"line":1,"column":18},"end":{"line":1,"column":19}},"loc":{"start":{"line":1,"column":38},"end":{"line":5,"column":1}},"line":1}},"branchMap":{"0":{"loc":{"start":{"line":2,"column":2},"end":{"line":4,"column":16}},"type":"if","locations":[{"start":{"line":2,"column":2},"end":{"line":4,"column":16}},{"start":{"line":2,"column":2},"end":{"line":4,"column":16}}],"line":2}},"s":{"0":2,"1":7,"2":2,"3":5,"4":2},"f":{"0":7},"b":{"0":[2,5]},"_coverageSchema":"1a1c01bbd47fc00a2c39e90264f33305004495a9","hash":"42414e407877d99c86b9b84a151f19ee8a32ecb4"}
,"/mnt/c/Sphin/Conv Course/express-next-exercise/utils/moviesDB.js": {"path":"/mnt/c/Sphin/Conv Course/express-next-exercise/utils/moviesDB.js","statementMap":{"0":{"start":{"line":1,"column":17},"end":{"line":1,"column":36}},"1":{"start":{"line":3,"column":21},"end":{"line":8,"column":1}},"2":{"start":{"line":11,"column":15},"end":{"line":11,"column":25}},"3":{"start":{"line":12,"column":14},"end":{"line":12,"column":78}},"4":{"start":{"line":13,"column":0},"end":{"line":13,"column":38}},"5":{"start":{"line":14,"column":11},"end":{"line":14,"column":30}},"6":{"start":{"line":19,"column":0},"end":{"line":19,"column":65}},"7":{"start":{"line":20,"column":0},"end":{"line":22,"column":3}},"8":{"start":{"line":21,"column":2},"end":{"line":21,"column":50}}},"fnMap":{"0":{"name":"(anonymous_0)","decl":{"start":{"line":20,"column":16},"end":{"line":20,"column":17}},"loc":{"start":{"line":20,"column":22},"end":{"line":22,"column":1}},"line":20}},"branchMap":{"0":{"loc":{"start":{"line":12,"column":14},"end":{"line":12,"column":78}},"type":"binary-expr","locations":[{"start":{"line":12,"column":14},"end":{"line":12,"column":37}},{"start":{"line":12,"column":41},"end":{"line":12,"column":78}}],"line":12}},"s":{"0":2,"1":2,"2":2,"3":2,"4":2,"5":2,"6":2,"7":2,"8":2},"f":{"0":2},"b":{"0":[2,0]},"_coverageSchema":"1a1c01bbd47fc00a2c39e90264f33305004495a9","hash":"d6303dd6553a6eb78d3b9515e15f338b54eaa9af"}
,"/mnt/c/Sphin/Conv Course/express-next-exercise/utils/teardownMongoose.js": {"path":"/mnt/c/Sphin/Conv Course/express-next-exercise/utils/teardownMongoose.js","statementMap":{"0":{"start":{"line":1,"column":17},"end":{"line":1,"column":36}},"1":{"start":{"line":3,"column":25},"end":{"line":6,"column":1}},"2":{"start":{"line":5,"column":2},"end":{"line":5,"column":30}},"3":{"start":{"line":7,"column":0},"end":{"line":7,"column":38}}},"fnMap":{"0":{"name":"(anonymous_0)","decl":{"start":{"line":3,"column":25},"end":{"line":3,"column":26}},"loc":{"start":{"line":3,"column":37},"end":{"line":6,"column":1}},"line":3}},"branchMap":{},"s":{"0":2,"1":2,"2":2,"3":2},"f":{"0":2},"b":{},"_coverageSchema":"1a1c01bbd47fc00a2c39e90264f33305004495a9","hash":"ba3ec22e187e4f20789dc6d4fc3e12099f6f7840"}
}
