TN:
SF:playlist.js
FN:11,(anonymous_0)
FNF:1
FNH:1
FNDA:11,(anonymous_0)
DA:1,2
DA:2,2
DA:3,2
DA:4,2
DA:6,2
DA:8,2
DA:11,2
DA:12,11
DA:13,11
DA:16,2
LF:10
LH:10
BRDA:12,0,0,11
BRDA:12,0,1,0
BRF:2
BRH:1
end_of_record
TN:
SF:playlist_v1.js
FN:11,(anonymous_0)
FNF:1
FNH:0
FNDA:0,(anonymous_0)
DA:1,2
DA:2,2
DA:5,2
DA:6,2
DA:8,2
DA:9,2
DA:11,2
DA:12,0
DA:15,2
LF:9
LH:8
BRF:0
BRH:0
end_of_record
TN:
SF:playlist_v2.js
FN:11,(anonymous_0)
FNF:1
FNH:0
FNDA:0,(anonymous_0)
DA:1,2
DA:2,2
DA:3,2
DA:5,2
DA:6,2
DA:8,2
DA:9,2
DA:11,2
DA:12,0
DA:15,2
LF:10
LH:9
BRF:0
BRH:0
end_of_record
TN:
SF:controllers/song.controller.js
FN:5,validateSong
FN:15,(anonymous_1)
FN:40,(anonymous_2)
FN:55,(anonymous_3)
FN:72,(anonymous_4)
FN:89,(anonymous_5)
FNF:6
FNH:6
FNDA:4,validateSong
FNDA:4,(anonymous_1)
FNDA:3,(anonymous_2)
FNDA:2,(anonymous_3)
FNDA:2,(anonymous_4)
FNDA:2,(anonymous_5)
DA:1,2
DA:2,2
DA:3,2
DA:6,4
DA:12,4
DA:15,2
DA:16,4
DA:17,4
DA:18,4
DA:19,2
DA:21,2
DA:22,2
DA:24,2
DA:25,2
DA:26,2
DA:27,2
DA:28,2
DA:29,2
DA:30,2
DA:31,2
DA:32,2
DA:33,2
DA:36,0
DA:40,2
DA:41,3
DA:42,3
DA:43,3
DA:44,3
DA:46,1
DA:47,1
DA:48,1
DA:51,0
DA:55,2
DA:56,2
DA:57,2
DA:58,2
DA:59,2
DA:60,2
DA:61,2
DA:62,2
DA:63,1
DA:64,1
DA:65,1
DA:66,1
DA:68,0
DA:72,2
DA:73,2
DA:74,2
DA:75,2
DA:76,2
DA:77,2
DA:78,2
DA:79,2
DA:80,1
DA:81,1
DA:82,1
DA:83,1
DA:85,0
DA:89,2
DA:90,2
DA:91,2
DA:92,2
DA:93,2
DA:94,2
DA:95,2
DA:96,2
DA:97,1
DA:98,1
DA:99,1
DA:100,1
DA:102,0
DA:106,2
LF:72
LH:67
BRDA:18,0,0,2
BRDA:18,0,1,2
BRDA:44,1,0,2
BRDA:44,1,1,1
BRDA:62,2,0,1
BRDA:62,2,1,1
BRDA:79,3,0,1
BRDA:79,3,1,1
BRDA:96,4,0,1
BRDA:96,4,1,1
BRF:10
BRH:10
end_of_record
TN:
SF:controllers/uid.controller.js
FN:3,(anonymous_0)
FNF:1
FNH:1
FNDA:2,(anonymous_0)
DA:1,2
DA:3,2
DA:4,2
DA:5,2
DA:6,2
DA:7,2
DA:8,2
DA:9,1
DA:10,1
DA:13,1
DA:15,1
DA:21,2
DA:22,2
DA:24,0
DA:28,2
LF:15
LH:14
BRDA:8,0,0,1
BRDA:8,0,1,1
BRF:2
BRH:2
end_of_record
TN:
SF:models/song.model.js
FNF:0
FNH:0
DA:1,2
DA:2,2
DA:4,2
DA:32,2
DA:33,2
LF:5
LH:5
BRF:0
BRH:0
end_of_record
TN:
SF:models/uid.model.js
FNF:0
FNH:0
DA:1,2
DA:2,2
DA:3,2
DA:8,2
DA:9,2
LF:5
LH:5
BRF:0
BRH:0
end_of_record
TN:
SF:routes/movies.route.js
FN:6,(anonymous_0)
FN:10,(anonymous_1)
FN:16,(anonymous_2)
FN:17,(anonymous_3)
FN:22,(anonymous_4)
FN:27,(anonymous_5)
FN:37,validateMovie
FN:46,(anonymous_7)
FN:64,(anonymous_8)
FN:69,(anonymous_9)
FN:72,(anonymous_10)
FN:85,(anonymous_11)
FN:88,(anonymous_12)
FN:102,(anonymous_13)
FN:105,(anonymous_14)
FNF:15
FNH:12
FNDA:2,(anonymous_0)
FNDA:7,(anonymous_1)
FNDA:0,(anonymous_2)
FNDA:0,(anonymous_3)
FNDA:0,(anonymous_4)
FNDA:14,(anonymous_5)
FNDA:6,validateMovie
FNDA:6,(anonymous_7)
FNDA:2,(anonymous_8)
FNDA:2,(anonymous_9)
FNDA:2,(anonymous_10)
FNDA:1,(anonymous_11)
FNDA:1,(anonymous_12)
FNDA:11,(anonymous_13)
FNDA:6,(anonymous_14)
DA:1,2
DA:2,2
DA:3,2
DA:4,2
DA:6,2
DA:7,2
DA:9,2
DA:10,2
DA:11,7
DA:12,0
DA:13,7
DA:16,2
DA:17,0
DA:18,0
DA:22,2
DA:23,0
DA:24,0
DA:27,2
DA:28,14
DA:29,14
DA:30,14
DA:31,14
DA:32,14
DA:33,14
DA:34,14
DA:38,6
DA:43,6
DA:46,2
DA:47,6
DA:48,6
DA:49,0
DA:51,0
DA:52,0
DA:54,6
DA:55,6
DA:56,1
DA:57,6
DA:58,6
DA:59,6
DA:60,6
DA:64,2
DA:65,2
DA:66,1
DA:69,2
DA:70,2
DA:71,2
DA:72,2
DA:73,2
DA:74,2
DA:75,2
DA:78,2
DA:79,0
DA:80,0
DA:81,0
DA:85,2
DA:86,1
DA:87,1
DA:88,1
DA:89,1
DA:90,1
DA:91,1
DA:92,1
DA:95,1
DA:96,0
DA:97,0
DA:98,0
DA:102,2
DA:103,11
DA:104,11
DA:105,11
DA:106,6
DA:107,6
DA:108,6
DA:109,6
DA:112,11
DA:113,5
DA:114,5
DA:115,5
DA:119,2
LF:79
LH:65
BRDA:11,0,0,0
BRDA:11,0,1,7
BRDA:48,1,0,0
BRDA:48,1,1,6
BRDA:55,2,0,5
BRDA:55,2,1,1
BRDA:65,3,0,1
BRDA:65,3,1,1
BRDA:73,4,0,2
BRDA:73,4,1,0
BRDA:78,5,0,0
BRDA:78,5,1,2
BRDA:89,6,0,1
BRDA:89,6,1,0
BRDA:95,7,0,0
BRDA:95,7,1,1
BRDA:106,8,0,6
BRDA:106,8,1,0
BRDA:112,9,0,5
BRDA:112,9,1,6
BRF:20
BRH:13
end_of_record
TN:
SF:routes/songs.route.js
FN:7,(anonymous_0)
FN:13,(anonymous_1)
FNF:2
FNH:2
FNDA:5,(anonymous_0)
FNDA:6,(anonymous_1)
DA:1,2
DA:2,2
DA:3,2
DA:5,2
DA:7,2
DA:8,5
DA:9,1
DA:10,4
DA:13,2
DA:14,6
DA:15,6
DA:16,6
DA:17,6
DA:18,6
DA:19,6
DA:20,6
DA:21,6
DA:24,2
DA:25,2
DA:26,2
DA:27,2
DA:28,2
DA:30,2
LF:23
LH:23
BRDA:8,0,0,1
BRDA:8,0,1,4
BRF:2
BRH:2
end_of_record
TN:
SF:utils/SongsDB.js
FN:20,(anonymous_0)
FNF:1
FNH:1
FNDA:2,(anonymous_0)
DA:1,2
DA:3,2
DA:11,2
DA:12,2
DA:13,2
DA:14,2
DA:19,2
DA:20,2
DA:21,2
LF:9
LH:9
BRDA:12,0,0,2
BRDA:12,0,1,0
BRF:2
BRH:1
end_of_record
TN:
SF:utils/teardownMongoose.js
FN:3,(anonymous_0)
FNF:1
FNH:1
FNDA:3,(anonymous_0)
DA:1,2
DA:3,2
DA:5,3
DA:7,2
LF:4
LH:4
BRF:0
BRH:0
end_of_record
