TN:
SF:playlist.js
FN:12,(anonymous_0)
FNF:1
FNH:1
FNDA:10,(anonymous_0)
DA:1,2
DA:2,2
DA:3,2
DA:5,2
DA:7,2
DA:9,2
DA:12,2
DA:13,10
DA:14,10
DA:17,2
LF:10
LH:10
BRDA:13,0,0,10
BRDA:13,0,1,0
BRF:2
BRH:1
end_of_record
TN:
SF:playlist_v1.js
FN:11,(anonymous_0)
FNF:1
FNH:0
FNDA:0,(anonymous_0)
DA:1,2
DA:2,2
DA:5,2
DA:6,2
DA:8,2
DA:9,2
DA:11,2
DA:12,0
DA:15,2
LF:9
LH:8
BRF:0
BRH:0
end_of_record
TN:
SF:playlist_v2.js
FN:11,(anonymous_0)
FNF:1
FNH:0
FNDA:0,(anonymous_0)
DA:1,2
DA:2,2
DA:3,2
DA:5,2
DA:6,2
DA:8,2
DA:9,2
DA:11,2
DA:12,0
DA:15,2
LF:10
LH:9
BRF:0
BRH:0
end_of_record
TN:
SF:controllers/movie.controller.js
FN:5,validateMovie
FN:15,(anonymous_1)
FN:38,(anonymous_2)
FN:52,(anonymous_3)
FN:68,(anonymous_4)
FN:86,(anonymous_5)
FNF:6
FNH:6
FNDA:2,validateMovie
FNDA:2,(anonymous_1)
FNDA:2,(anonymous_2)
FNDA:3,(anonymous_3)
FNDA:2,(anonymous_4)
FNDA:2,(anonymous_5)
DA:1,2
DA:2,2
DA:3,2
DA:6,2
DA:12,2
DA:15,2
DA:16,2
DA:17,2
DA:18,2
DA:19,1
DA:21,1
DA:22,1
DA:24,1
DA:25,1
DA:26,1
DA:27,1
DA:28,1
DA:29,1
DA:30,1
DA:31,1
DA:34,0
DA:38,2
DA:39,2
DA:40,2
DA:41,2
DA:43,1
DA:44,1
DA:45,1
DA:48,0
DA:52,2
DA:53,3
DA:54,3
DA:55,3
DA:56,3
DA:57,3
DA:59,1
DA:60,1
DA:61,1
DA:64,0
DA:68,2
DA:69,2
DA:70,2
DA:71,2
DA:72,2
DA:75,2
DA:77,1
DA:78,1
DA:79,1
DA:82,0
DA:86,2
DA:87,2
DA:88,2
DA:89,2
DA:90,2
DA:91,2
DA:93,1
DA:94,1
DA:95,1
DA:98,0
DA:102,2
LF:60
LH:55
BRDA:18,0,0,1
BRDA:18,0,1,1
BRDA:41,1,0,1
BRDA:41,1,1,1
BRDA:57,2,0,2
BRDA:57,2,1,1
BRDA:75,3,0,1
BRDA:75,3,1,1
BRDA:91,4,0,1
BRDA:91,4,1,1
BRF:10
BRH:10
end_of_record
TN:
SF:controllers/song.controller.js
FN:5,validateSong
FN:15,(anonymous_1)
FN:40,(anonymous_2)
FN:55,(anonymous_3)
FN:72,(anonymous_4)
FN:89,(anonymous_5)
FNF:6
FNH:6
FNDA:3,validateSong
FNDA:3,(anonymous_1)
FNDA:3,(anonymous_2)
FNDA:2,(anonymous_3)
FNDA:2,(anonymous_4)
FNDA:2,(anonymous_5)
DA:1,2
DA:2,2
DA:3,2
DA:6,3
DA:12,3
DA:15,2
DA:16,3
DA:17,3
DA:18,3
DA:19,1
DA:21,1
DA:22,1
DA:24,2
DA:25,2
DA:26,2
DA:27,2
DA:28,2
DA:29,2
DA:30,2
DA:31,2
DA:32,2
DA:33,2
DA:36,0
DA:40,2
DA:41,3
DA:42,3
DA:43,3
DA:44,3
DA:46,1
DA:47,1
DA:48,1
DA:51,0
DA:55,2
DA:56,2
DA:57,2
DA:58,2
DA:59,2
DA:60,2
DA:61,2
DA:62,2
DA:63,1
DA:64,1
DA:65,1
DA:66,1
DA:68,0
DA:72,2
DA:73,2
DA:74,2
DA:75,2
DA:76,2
DA:77,2
DA:78,2
DA:79,2
DA:80,1
DA:81,1
DA:82,1
DA:83,1
DA:85,0
DA:89,2
DA:90,2
DA:91,2
DA:92,2
DA:93,2
DA:94,2
DA:95,2
DA:96,2
DA:97,1
DA:98,1
DA:99,1
DA:100,1
DA:102,0
DA:106,2
LF:72
LH:67
BRDA:18,0,0,1
BRDA:18,0,1,2
BRDA:44,1,0,2
BRDA:44,1,1,1
BRDA:62,2,0,1
BRDA:62,2,1,1
BRDA:79,3,0,1
BRDA:79,3,1,1
BRDA:96,4,0,1
BRDA:96,4,1,1
BRF:10
BRH:10
end_of_record
TN:
SF:controllers/uid.controller.js
FN:3,(anonymous_0)
FNF:1
FNH:1
FNDA:3,(anonymous_0)
DA:1,2
DA:3,2
DA:4,3
DA:5,3
DA:6,3
DA:7,3
DA:8,3
DA:9,2
DA:10,2
DA:13,2
DA:15,1
DA:21,3
DA:22,3
DA:24,0
DA:28,2
LF:15
LH:14
BRDA:8,0,0,2
BRDA:8,0,1,1
BRF:2
BRH:2
end_of_record
TN:
SF:models/movie.model.js
FNF:0
FNH:0
DA:1,2
DA:2,2
DA:4,2
DA:31,2
DA:32,2
LF:5
LH:5
BRF:0
BRH:0
end_of_record
TN:
SF:models/song.model.js
FNF:0
FNH:0
DA:1,2
DA:2,2
DA:4,2
DA:32,2
DA:33,2
LF:5
LH:5
BRF:0
BRH:0
end_of_record
TN:
SF:models/uid.model.js
FNF:0
FNH:0
DA:1,2
DA:2,2
DA:3,2
DA:8,2
DA:9,2
LF:5
LH:5
BRF:0
BRH:0
end_of_record
TN:
SF:routes/movies.route.js
FN:7,(anonymous_0)
FNF:1
FNH:1
FNDA:7,(anonymous_0)
DA:1,2
DA:2,2
DA:3,2
DA:4,2
DA:5,2
DA:7,2
DA:8,7
DA:9,7
DA:10,7
DA:11,7
DA:12,7
DA:13,7
DA:14,7
DA:15,7
DA:18,2
DA:19,2
DA:20,2
DA:21,2
DA:22,2
DA:24,2
LF:20
LH:20
BRF:0
BRH:0
end_of_record
TN:
SF:routes/songs.route.js
FN:14,(anonymous_0)
FNF:1
FNH:1
FNDA:6,(anonymous_0)
DA:1,2
DA:2,2
DA:3,2
DA:4,2
DA:6,2
DA:14,2
DA:15,6
DA:16,6
DA:17,6
DA:18,6
DA:19,6
DA:20,6
DA:21,6
DA:22,6
DA:25,2
DA:26,2
DA:27,2
DA:28,2
DA:29,2
DA:31,2
LF:20
LH:20
BRF:0
BRH:0
end_of_record
TN:
SF:utils/middlewares.js
FN:1,(anonymous_0)
FNF:1
FNH:1
FNDA:7,(anonymous_0)
DA:1,2
DA:2,7
DA:3,2
DA:4,5
DA:7,2
LF:5
LH:5
BRDA:2,0,0,2
BRDA:2,0,1,5
BRF:2
BRH:2
end_of_record
TN:
SF:utils/moviesDB.js
FN:20,(anonymous_0)
FNF:1
FNH:1
FNDA:2,(anonymous_0)
DA:1,2
DA:3,2
DA:11,2
DA:12,2
DA:13,2
DA:14,2
DA:19,2
DA:20,2
DA:21,2
LF:9
LH:9
BRDA:12,0,0,2
BRDA:12,0,1,0
BRF:2
BRH:1
end_of_record
TN:
SF:utils/teardownMongoose.js
FN:3,(anonymous_0)
FNF:1
FNH:1
FNDA:2,(anonymous_0)
DA:1,2
DA:3,2
DA:5,2
DA:7,2
LF:4
LH:4
BRF:0
BRH:0
end_of_record
